<?xml version="1.0" encoding="UTF-8"?>
<!-- Generated by org.testng.reporters.JUnitXMLReporter -->
<testsuite ignored="7" hostname="HP" failures="0" tests="1" name="Default test" time="7.968" errors="0" timestamp="2025-03-17T19:58:06 IST">
  <testcase classname="com.sevenrmartsupermarket.tests.AdminUserTest" name="validateUserDetailUpdateButtonFunctionality" time="4.56"/>
  <testcase classname="com.sevenrmartsupermarket.tests.AdminUserTest" name="validatePasswordVisibility" time="0.0">
    <ignored/>
  </testcase> <!-- validatePasswordVisibility -->
  <testcase classname="com.sevenrmartsupermarket.tests.AdminUserTest" name="verifyNavigationToAdminUserPage" time="0.0">
    <ignored/>
  </testcase> <!-- verifyNavigationToAdminUserPage -->
  <testcase classname="com.sevenrmartsupermarket.tests.AdminUserTest" name="validateDuplicateUserEnterEntry" time="0.0">
    <ignored/>
  </testcase> <!-- validateDuplicateUserEnterEntry -->
  <testcase classname="com.sevenrmartsupermarket.tests.AdminUserTest" name="validateAdminUserDeleteButtonFunctionality" time="0.0">
    <ignored/>
  </testcase> <!-- validateAdminUserDeleteButtonFunctionality -->
  <testcase classname="com.sevenrmartsupermarket.tests.AdminUserTest" name="validateNewUserCreation" time="0.0">
    <ignored/>
  </testcase> <!-- validateNewUserCreation -->
  <testcase classname="com.sevenrmartsupermarket.tests.AdminUserTest" name="validateSearchButtonfunctionality" time="0.0">
    <ignored/>
  </testcase> <!-- validateSearchButtonfunctionality -->
  <testcase classname="com.sevenrmartsupermarket.tests.AdminUserTest" name="validateUserStatusButtonFunctionality" time="0.0">
    <ignored/>
  </testcase> <!-- validateUserStatusButtonFunctionality -->
</testsuite> <!-- Default test -->
