<?xml version="1.0" encoding="UTF-8"?>
<!-- Generated by org.testng.reporters.JUnitXMLReporter -->
<testsuite ignored="6" hostname="HP" failures="0" tests="2" name="Default test" time="7.31" errors="0" timestamp="2025-03-17T11:40:29 IST">
  <testcase classname="com.sevenrmartsupermarket.tests.CategoryTest" name="validateCategoryUpdateButtonFunctionality" time="0.935">
    <skipped/>
  </testcase> <!-- validateCategoryUpdateButtonFunctionality -->
  <testcase classname="com.sevenrmartsupermarket.tests.CategoryTest" name="validateCategoryUpdateButtonFunctionality" time="3.262"/>
  <testcase classname="com.sevenrmartsupermarket.tests.CategoryTest" name="VerifyWetherCategoriesAreDisplaied" time="0.0">
    <ignored/>
  </testcase> <!-- VerifyWetherCategoriesAreDisplaied -->
  <testcase classname="com.sevenrmartsupermarket.tests.CategoryTest" name="validateCategorySearchButtonFunctionality" time="0.0">
    <ignored/>
  </testcase> <!-- validateCategorySearchButtonFunctionality -->
  <testcase classname="com.sevenrmartsupermarket.tests.CategoryTest" name="validateCategoryNewButtonFunctionality" time="0.0">
    <ignored/>
  </testcase> <!-- validateCategoryNewButtonFunctionality -->
  <testcase classname="com.sevenrmartsupermarket.tests.CategoryTest" name="VerifyWetherButtonsOfThePageAreActive" time="0.0">
    <ignored/>
  </testcase> <!-- VerifyWetherButtonsOfThePageAreActive -->
  <testcase classname="com.sevenrmartsupermarket.tests.CategoryTest" name="verifyNavigationToCategoryPage" time="0.0">
    <ignored/>
  </testcase> <!-- verifyNavigationToCategoryPage -->
  <testcase classname="com.sevenrmartsupermarket.tests.CategoryTest" name="validateDeleteCategoryButton" time="0.0">
    <ignored/>
  </testcase> <!-- validateDeleteCategoryButton -->
</testsuite> <!-- Default test -->
