<?xml version="1.0" encoding="UTF-8"?>
<!-- Generated by org.testng.reporters.JUnitXMLReporter -->
<testsuite ignored="0" hostname="HP" failures="0" tests="3" name="edge" time="22.014" errors="0" timestamp="2025-03-20T14:03:50 IST">
  <testcase classname="com.sevenrmartsupermarket.tests.LoginTest" name="verifyAfterLoginNavigation" time="0.871"/>
  <testcase classname="com.sevenrmartsupermarket.tests.LoginTest" name="verifyInvalidLogin" time="0.436"/>
  <testcase classname="com.sevenrmartsupermarket.tests.LoginTest" name="verifyLogin" time="0.984"/>
</testsuite> <!-- edge -->
