<?xml version="1.0" encoding="UTF-8"?>
<!-- Generated by org.testng.reporters.JUnitXMLReporter -->
<testsuite ignored="8" hostname="HP" failures="0" tests="2" name="regressionrun" time="19.351" errors="0" timestamp="2025-03-20T12:42:52 IST">
  <testcase classname="com.sevenrmartsupermarket.tests.CategoryTest" name="validateCategoryUpdateButtonFunctionality" time="7.156"/>
  <testcase classname="com.sevenrmartsupermarket.tests.CategoryTest" name="validateDeleteCategoryButton" time="4.437"/>
  <testcase classname="com.sevenrmartsupermarket.tests.CategoryTest" name="validateCategorySearchButtonFunctionality" time="0.0">
    <ignored/>
  </testcase> <!-- validateCategorySearchButtonFunctionality -->
  <testcase classname="com.sevenrmartsupermarket.tests.CategoryTest" name="verifyNavigationToCategoryPage" time="0.0">
    <ignored/>
  </testcase> <!-- verifyNavigationToCategoryPage -->
  <testcase classname="com.sevenrmartsupermarket.tests.CategoryTest" name="VerifyWetherCategoriesAreDisplaied" time="0.0">
    <ignored/>
  </testcase> <!-- VerifyWetherCategoriesAreDisplaied -->
  <testcase classname="com.sevenrmartsupermarket.tests.CategoryTest" name="VerifyWetherButtonsOfThePageAreActive" time="0.0">
    <ignored/>
  </testcase> <!-- VerifyWetherButtonsOfThePageAreActive -->
  <testcase classname="com.sevenrmartsupermarket.tests.LoginTest" name="verifyLogin" time="0.0">
    <ignored/>
  </testcase> <!-- verifyLogin -->
  <testcase classname="com.sevenrmartsupermarket.tests.LoginTest" name="verifyInvalidLogin" time="0.0">
    <ignored/>
  </testcase> <!-- verifyInvalidLogin -->
  <testcase classname="com.sevenrmartsupermarket.tests.CategoryTest" name="validateCategoryNewButtonFunctionality" time="0.0">
    <ignored/>
  </testcase> <!-- validateCategoryNewButtonFunctionality -->
  <testcase classname="com.sevenrmartsupermarket.tests.LoginTest" name="verifyAfterLoginNavigation" time="0.0">
    <ignored/>
  </testcase> <!-- verifyAfterLoginNavigation -->
</testsuite> <!-- regressionrun -->
