<?xml version="1.0" encoding="UTF-8"?>
<testng-results ignored="0" total="2" passed="2" failed="0" skipped="0">
  <reporter-output>
  </reporter-output>
  <suite started-at="2025-03-13T20:51:50 IST" name="groupexecution" finished-at="2025-03-13T20:52:19 IST" duration-ms="29246">
    <groups>
      <group name="regression">
        <method signature="AdminUserTest.verifyNavigationToAdminUserPage()[pri:0, instance:com.sevenrmartsupermarket.tests.AdminUserTest@15de0b3c]" name="verifyNavigationToAdminUserPage" class="com.sevenrmartsupermarket.tests.AdminUserTest"/>
        <method signature="LoginTest.verifyLogin()[pri:0, instance:com.sevenrmartsupermarket.tests.LoginTest@3754a4bf]" name="verifyLogin" class="com.sevenrmartsupermarket.tests.LoginTest"/>
      </group> <!-- regression -->
    </groups>
    <test started-at="2025-03-13T20:51:50 IST" name="regressionrun" finished-at="2025-03-13T20:52:19 IST" duration-ms="29246">
      <class name="com.sevenrmartsupermarket.tests.AdminUserTest">
        <test-method is-config="true" signature="launchSession()[pri:0, instance:com.sevenrmartsupermarket.tests.AdminUserTest@15de0b3c]" started-at="2025-03-13T20:52:09 IST" name="launchSession" finished-at="2025-03-13T20:52:14 IST" duration-ms="5640" status="PASS">
          <reporter-output>
          </reporter-output>
        </test-method> <!-- launchSession -->
        <test-method signature="verifyNavigationToAdminUserPage()[pri:0, instance:com.sevenrmartsupermarket.tests.AdminUserTest@15de0b3c]" started-at="2025-03-13T20:52:14 IST" name="verifyNavigationToAdminUserPage" finished-at="2025-03-13T20:52:19 IST" duration-ms="4869" status="PASS">
          <reporter-output>
          </reporter-output>
        </test-method> <!-- verifyNavigationToAdminUserPage -->
      </class> <!-- com.sevenrmartsupermarket.tests.AdminUserTest -->
      <class name="com.sevenrmartsupermarket.tests.LoginTest">
        <test-method is-config="true" signature="launchSession()[pri:0, instance:com.sevenrmartsupermarket.tests.LoginTest@3754a4bf]" started-at="2025-03-13T20:51:50 IST" name="launchSession" finished-at="2025-03-13T20:52:06 IST" duration-ms="15523" status="PASS">
          <reporter-output>
          </reporter-output>
        </test-method> <!-- launchSession -->
        <test-method signature="verifyLogin()[pri:0, instance:com.sevenrmartsupermarket.tests.LoginTest@3754a4bf]" started-at="2025-03-13T20:52:06 IST" name="verifyLogin" finished-at="2025-03-13T20:52:09 IST" duration-ms="2912" status="PASS">
          <reporter-output>
          </reporter-output>
        </test-method> <!-- verifyLogin -->
      </class> <!-- com.sevenrmartsupermarket.tests.LoginTest -->
    </test> <!-- regressionrun -->
  </suite> <!-- groupexecution -->
</testng-results>
