<?xml version="1.0" encoding="UTF-8"?>
<!-- Generated by org.testng.reporters.JUnitXMLReporter -->
<testsuite ignored="8" hostname="HP" failures="0" tests="2" name="regressionrun" time="29.246" errors="0" timestamp="2025-03-13T20:52:19 IST">
  <testcase classname="com.sevenrmartsupermarket.tests.LoginTest" name="verifyLogin" time="2.912"/>
  <testcase classname="com.sevenrmartsupermarket.tests.AdminUserTest" name="verifyNavigationToAdminUserPage" time="4.869"/>
  <testcase classname="com.sevenrmartsupermarket.tests.LoginTest" name="verifyInvalidLogin" time="0.0">
    <ignored/>
  </testcase> <!-- verifyInvalidLogin -->
  <testcase classname="com.sevenrmartsupermarket.tests.AdminUserTest" name="validateUserStatusButtonFunctionality" time="0.0">
    <ignored/>
  </testcase> <!-- validateUserStatusButtonFunctionality -->
  <testcase classname="com.sevenrmartsupermarket.tests.AdminUserTest" name="validatePasswordDropdownClick" time="0.0">
    <ignored/>
  </testcase> <!-- validatePasswordDropdownClick -->
  <testcase classname="com.sevenrmartsupermarket.tests.AdminUserTest" name="validateDuplicateUserEnterEntry" time="0.0">
    <ignored/>
  </testcase> <!-- validateDuplicateUserEnterEntry -->
  <testcase classname="com.sevenrmartsupermarket.tests.AdminUserTest" name="validateSearchButtonfunctionality" time="0.0">
    <ignored/>
  </testcase> <!-- validateSearchButtonfunctionality -->
  <testcase classname="com.sevenrmartsupermarket.tests.AdminUserTest" name="validateNewUserCreation" time="0.0">
    <ignored/>
  </testcase> <!-- validateNewUserCreation -->
  <testcase classname="com.sevenrmartsupermarket.tests.AdminUserTest" name="validateUserDetailUpdateButtonFunctionality" time="0.0">
    <ignored/>
  </testcase> <!-- validateUserDetailUpdateButtonFunctionality -->
  <testcase classname="com.sevenrmartsupermarket.tests.AdminUserTest" name="validateAdminUserDeleteButtonFunctionality" time="0.0">
    <ignored/>
  </testcase> <!-- validateAdminUserDeleteButtonFunctionality -->
</testsuite> <!-- regressionrun -->
