<?xml version="1.0" encoding="UTF-8"?>
<!-- Generated by org.testng.reporters.JUnitXMLReporter -->
<testsuite ignored="11" hostname="HP" failures="1" tests="5" name="regressionrun" time="19.036" errors="0" timestamp="2025-03-14T10:53:03 IST">
  <testcase classname="com.sevenrmartsupermarket.tests.LoginTest" name="verifyLogin" time="0.528"/>
  <testcase classname="com.sevenrmartsupermarket.tests.HomeTest" name="verifyMoreInfoLink" time="9.524">
    <failure type="org.openqa.selenium.NoSuchSessionException" message="invalid session id: session deleted as the browser has closed the connection
from disconnected: unable to send message to renderer
  (Session info: chrome=134.0.6998.89)
Build info: version: &amp;apos;4.12.1&amp;apos;, revision: &amp;apos;8e34639b11&amp;apos;
System info: os.name: &amp;apos;Windows 11&amp;apos;, os.arch: &amp;apos;amd64&amp;apos;, os.version: &amp;apos;10.0&amp;apos;, java.version: &amp;apos;23.0.1&amp;apos;
Driver info: org.openqa.selenium.chrome.ChromeDriver
Command: [d4d277c3b759719f691f8f7a50e863e3, findElements {using=xpath, value=//a[contains(text(),&amp;apos;More info&amp;apos;)]}]
Capabilities {acceptInsecureCerts: false, browserName: chrome, browserVersion: 134.0.6998.89, chrome: {chromedriverVersion: 134.0.6998.88 (7e3d5c978c6d..., userDataDir: C:\Users\aksha\AppData\Loca...}, fedcm:accounts: true, goog:chromeOptions: {debuggerAddress: localhost:49994}, networkConnectionEnabled: false, pageLoadStrategy: normal, platformName: windows, proxy: Proxy(), se:cdp: ws://localhost:49994/devtoo..., se:cdpVersion: 134.0.6998.89, setWindowRect: true, strictFileInteractability: false, timeouts: {implicit: 0, pageLoad: 300000, script: 30000}, unhandledPromptBehavior: dismiss and notify, webauthn:extension:credBlob: true, webauthn:extension:largeBlob: true, webauthn:extension:minPinLength: true, webauthn:extension:prf: true, webauthn:virtualAuthenticators: true}
Session ID: d4d277c3b759719f691f8f7a50e863e3">
      <![CDATA[org.openqa.selenium.NoSuchSessionException: invalid session id: session deleted as the browser has closed the connection
from disconnected: unable to send message to renderer
  (Session info: chrome=134.0.6998.89)
Build info: version: '4.12.1', revision: '8e34639b11'
System info: os.name: 'Windows 11', os.arch: 'amd64', os.version: '10.0', java.version: '23.0.1'
Driver info: org.openqa.selenium.chrome.ChromeDriver
Command: [d4d277c3b759719f691f8f7a50e863e3, findElements {using=xpath, value=//a[contains(text(),'More info')]}]
Capabilities {acceptInsecureCerts: false, browserName: chrome, browserVersion: 134.0.6998.89, chrome: {chromedriverVersion: 134.0.6998.88 (7e3d5c978c6d..., userDataDir: C:\Users\aksha\AppData\Loca...}, fedcm:accounts: true, goog:chromeOptions: {debuggerAddress: localhost:49994}, networkConnectionEnabled: false, pageLoadStrategy: normal, platformName: windows, proxy: Proxy(), se:cdp: ws://localhost:49994/devtoo..., se:cdpVersion: 134.0.6998.89, setWindowRect: true, strictFileInteractability: false, timeouts: {implicit: 0, pageLoad: 300000, script: 30000}, unhandledPromptBehavior: dismiss and notify, webauthn:extension:credBlob: true, webauthn:extension:largeBlob: true, webauthn:extension:minPinLength: true, webauthn:extension:prf: true, webauthn:virtualAuthenticators: true}
Session ID: d4d277c3b759719f691f8f7a50e863e3
at org.openqa.selenium.remote.codec.w3c.W3CHttpResponseCodec.createException(W3CHttpResponseCodec.java:200)
at org.openqa.selenium.remote.codec.w3c.W3CHttpResponseCodec.decode(W3CHttpResponseCodec.java:133)
at org.openqa.selenium.remote.codec.w3c.W3CHttpResponseCodec.decode(W3CHttpResponseCodec.java:52)
at org.openqa.selenium.remote.HttpCommandExecutor.execute(HttpCommandExecutor.java:191)
at org.openqa.selenium.remote.service.DriverCommandExecutor.invokeExecute(DriverCommandExecutor.java:196)
at org.openqa.selenium.remote.service.DriverCommandExecutor.execute(DriverCommandExecutor.java:171)
at org.openqa.selenium.remote.RemoteWebDriver.execute(RemoteWebDriver.java:602)
at org.openqa.selenium.remote.ElementLocation$ElementFinder$2.findElements(ElementLocation.java:182)
at org.openqa.selenium.remote.ElementLocation.findElements(ElementLocation.java:103)
at org.openqa.selenium.remote.RemoteWebDriver.findElements(RemoteWebDriver.java:372)
at org.openqa.selenium.remote.RemoteWebDriver.findElements(RemoteWebDriver.java:366)
at com.sevenrmartsupermarket.pages.HomePage.getMoreInfoLinks(HomePage.java:49)
at com.sevenrmartsupermarket.tests.HomeTest.verifyMoreInfoLink(HomeTest.java:28)
at java.base/java.util.ArrayList.forEach(ArrayList.java:1597)
... Removed 28 stack frames]]>
    </failure>
  </testcase> <!-- verifyMoreInfoLink -->
  <testcase classname="com.sevenrmartsupermarket.tests.HomeTest" name="verifyPageTitle" time="0.009"/>
  <testcase classname="com.sevenrmartsupermarket.tests.AdminUserTest" name="verifyNavigationToAdminUserPage" time="0.654"/>
  <testcase classname="com.sevenrmartsupermarket.tests.CategoryTest" name="verifyNavigationToCategoryPage" time="0.654"/>
  <testcase classname="com.sevenrmartsupermarket.tests.CategoryTest" name="validateCategoryNewButtonFunctionality" time="0.0">
    <ignored/>
  </testcase> <!-- validateCategoryNewButtonFunctionality -->
  <testcase classname="com.sevenrmartsupermarket.tests.AdminUserTest" name="validateAdminUserDeleteButtonFunctionality" time="0.0">
    <ignored/>
  </testcase> <!-- validateAdminUserDeleteButtonFunctionality -->
  <testcase classname="com.sevenrmartsupermarket.tests.AdminUserTest" name="validateUserDetailUpdateButtonFunctionality" time="0.0">
    <ignored/>
  </testcase> <!-- validateUserDetailUpdateButtonFunctionality -->
  <testcase classname="com.sevenrmartsupermarket.tests.AdminUserTest" name="validateSearchButtonfunctionality" time="0.0">
    <ignored/>
  </testcase> <!-- validateSearchButtonfunctionality -->
  <testcase classname="com.sevenrmartsupermarket.tests.LoginTest" name="verifyInvalidLogin" time="0.0">
    <ignored/>
  </testcase> <!-- verifyInvalidLogin -->
  <testcase classname="com.sevenrmartsupermarket.tests.AdminUserTest" name="validateDuplicateUserEnterEntry" time="0.0">
    <ignored/>
  </testcase> <!-- validateDuplicateUserEnterEntry -->
  <testcase classname="com.sevenrmartsupermarket.tests.AdminUserTest" name="validateUserStatusButtonFunctionality" time="0.0">
    <ignored/>
  </testcase> <!-- validateUserStatusButtonFunctionality -->
  <testcase classname="com.sevenrmartsupermarket.tests.AdminUserTest" name="validateNewUserCreation" time="0.0">
    <ignored/>
  </testcase> <!-- validateNewUserCreation -->
  <testcase classname="com.sevenrmartsupermarket.tests.CategoryTest" name="validateCategorySearchButtonFunctionality" time="0.0">
    <ignored/>
  </testcase> <!-- validateCategorySearchButtonFunctionality -->
  <testcase classname="com.sevenrmartsupermarket.tests.CategoryTest" name="validateCategoryUpdateButtonFunctionality" time="0.0">
    <ignored/>
  </testcase> <!-- validateCategoryUpdateButtonFunctionality -->
  <testcase classname="com.sevenrmartsupermarket.tests.AdminUserTest" name="validatePasswordDropdownClick" time="0.0">
    <ignored/>
  </testcase> <!-- validatePasswordDropdownClick -->
</testsuite> <!-- regressionrun -->
