<?xml version="1.0" encoding="UTF-8"?>
<testng-results ignored="0" total="5" passed="5" failed="0" skipped="0">
  <reporter-output>
  </reporter-output>
  <suite started-at="2025-03-17T20:15:25 IST" name="groupexecution" finished-at="2025-03-17T20:15:47 IST" duration-ms="22847">
    <groups>
      <group name="regression">
        <method signature="HomeTest.verifyMoreInfoLink()[pri:0, instance:com.sevenrmartsupermarket.tests.HomeTest@2177849e]" name="verifyMoreInfoLink" class="com.sevenrmartsupermarket.tests.HomeTest"/>
        <method signature="HomeTest.verifyPageTitle()[pri:0, instance:com.sevenrmartsupermarket.tests.HomeTest@2177849e]" name="verifyPageTitle" class="com.sevenrmartsupermarket.tests.HomeTest"/>
        <method signature="LoginTest.verifyAfterLoginNavigation()[pri:0, instance:com.sevenrmartsupermarket.tests.LoginTest@2118cddf]" name="verifyAfterLoginNavigation" class="com.sevenrmartsupermarket.tests.LoginTest"/>
        <method signature="LoginTest.verifyInvalidLogin()[pri:0, instance:com.sevenrmartsupermarket.tests.LoginTest@2118cddf]" name="verifyInvalidLogin" class="com.sevenrmartsupermarket.tests.LoginTest"/>
        <method signature="LoginTest.verifyLogin()[pri:0, instance:com.sevenrmartsupermarket.tests.LoginTest@2118cddf]" name="verifyLogin" class="com.sevenrmartsupermarket.tests.LoginTest"/>
      </group> <!-- regression -->
      <group name="smoke">
        <method signature="HomeTest.verifyMoreInfoLink()[pri:0, instance:com.sevenrmartsupermarket.tests.HomeTest@2177849e]" name="verifyMoreInfoLink" class="com.sevenrmartsupermarket.tests.HomeTest"/>
      </group> <!-- smoke -->
    </groups>
    <test started-at="2025-03-17T20:15:25 IST" name="regressionrun" finished-at="2025-03-17T20:15:47 IST" duration-ms="22847">
      <class name="com.sevenrmartsupermarket.tests.HomeTest">
        <test-method is-config="true" signature="launchSession()[pri:0, instance:com.sevenrmartsupermarket.tests.HomeTest@2177849e]" started-at="2025-03-17T20:15:32 IST" name="launchSession" finished-at="2025-03-17T20:15:34 IST" duration-ms="2217" status="PASS">
          <reporter-output>
          </reporter-output>
        </test-method> <!-- launchSession -->
        <test-method signature="verifyMoreInfoLink()[pri:0, instance:com.sevenrmartsupermarket.tests.HomeTest@2177849e]" started-at="2025-03-17T20:15:34 IST" name="verifyMoreInfoLink" finished-at="2025-03-17T20:15:46 IST" duration-ms="11501" status="PASS">
          <reporter-output>
          </reporter-output>
        </test-method> <!-- verifyMoreInfoLink -->
        <test-method is-config="true" signature="launchSession()[pri:0, instance:com.sevenrmartsupermarket.tests.HomeTest@2177849e]" started-at="2025-03-17T20:15:46 IST" name="launchSession" finished-at="2025-03-17T20:15:47 IST" duration-ms="1634" status="PASS">
          <reporter-output>
          </reporter-output>
        </test-method> <!-- launchSession -->
        <test-method signature="verifyPageTitle()[pri:0, instance:com.sevenrmartsupermarket.tests.HomeTest@2177849e]" started-at="2025-03-17T20:15:47 IST" name="verifyPageTitle" finished-at="2025-03-17T20:15:47 IST" duration-ms="10" status="PASS">
          <reporter-output>
          </reporter-output>
        </test-method> <!-- verifyPageTitle -->
      </class> <!-- com.sevenrmartsupermarket.tests.HomeTest -->
      <class name="com.sevenrmartsupermarket.tests.LoginTest">
        <test-method is-config="true" signature="launchSession()[pri:0, instance:com.sevenrmartsupermarket.tests.LoginTest@2118cddf]" started-at="2025-03-17T20:15:25 IST" name="launchSession" finished-at="2025-03-17T20:15:27 IST" duration-ms="2187" status="PASS">
          <reporter-output>
          </reporter-output>
        </test-method> <!-- launchSession -->
        <test-method signature="verifyAfterLoginNavigation()[pri:0, instance:com.sevenrmartsupermarket.tests.LoginTest@2118cddf]" started-at="2025-03-17T20:15:27 IST" name="verifyAfterLoginNavigation" description="Verify whether after login page is redirected to Home " finished-at="2025-03-17T20:15:27 IST" duration-ms="471" status="PASS">
          <reporter-output>
          </reporter-output>
        </test-method> <!-- verifyAfterLoginNavigation -->
        <test-method is-config="true" signature="launchSession()[pri:0, instance:com.sevenrmartsupermarket.tests.LoginTest@2118cddf]" started-at="2025-03-17T20:15:27 IST" name="launchSession" finished-at="2025-03-17T20:15:29 IST" duration-ms="1589" status="PASS">
          <reporter-output>
          </reporter-output>
        </test-method> <!-- launchSession -->
        <test-method signature="verifyInvalidLogin()[pri:0, instance:com.sevenrmartsupermarket.tests.LoginTest@2118cddf]" started-at="2025-03-17T20:15:29 IST" name="verifyInvalidLogin" description="Verify login with invalid credentials" finished-at="2025-03-17T20:15:30 IST" duration-ms="759" status="PASS">
          <reporter-output>
          </reporter-output>
        </test-method> <!-- verifyInvalidLogin -->
        <test-method is-config="true" signature="launchSession()[pri:0, instance:com.sevenrmartsupermarket.tests.LoginTest@2118cddf]" started-at="2025-03-17T20:15:30 IST" name="launchSession" finished-at="2025-03-17T20:15:31 IST" duration-ms="1504" status="PASS">
          <reporter-output>
          </reporter-output>
        </test-method> <!-- launchSession -->
        <test-method signature="verifyLogin()[pri:0, instance:com.sevenrmartsupermarket.tests.LoginTest@2118cddf]" started-at="2025-03-17T20:15:31 IST" name="verifyLogin" description="Verify login with valid credentials" finished-at="2025-03-17T20:15:32 IST" duration-ms="924" status="PASS">
          <reporter-output>
          </reporter-output>
        </test-method> <!-- verifyLogin -->
      </class> <!-- com.sevenrmartsupermarket.tests.LoginTest -->
    </test> <!-- regressionrun -->
  </suite> <!-- groupexecution -->
</testng-results>
